2024-07-02T17:14:01.584Z [info]: User registered: testuser
2024-07-02T17:16:32.000Z [info]: User registered: testuser
2024-07-02T17:16:32.195Z [info]: User logged in: testuser
2024-07-02T17:16:32.371Z [error]: Login failed for user testuser: Incorrect password
2024-07-02T17:16:32.458Z [error]: Login failed: User nonexistinguser not found
2024-07-02T17:16:32.593Z [info]: Task added to queue by user ID 668435efadee4d4138b00157
2024-07-02T17:19:34.170Z [info]: User registered: testuser
2024-07-02T17:19:34.336Z [info]: User logged in: testuser
2024-07-02T17:19:34.413Z [info]: Task added to queue by user ID 668436a620523443e4413c44
2024-07-02T17:19:34.414Z [info]: Task added to queue by user ID 668436a620523443e4413c44
2024-07-02T17:19:34.415Z [info]: Task added to queue by user ID 668436a620523443e4413c44
2024-07-02T17:20:24.752Z [info]: User registered: testuser
2024-07-02T17:20:24.924Z [info]: User logged in: testuser
2024-07-02T17:20:24.996Z [info]: Task added to queue by user ID 668436d8ae01d21098d63914
2024-07-02T17:20:24.996Z [info]: Task added to queue by user ID 668436d8ae01d21098d63914
2024-07-02T17:20:24.997Z [info]: Task added to queue by user ID 668436d8ae01d21098d63914
2024-07-02T17:24:27.406Z [info]: User registered: testuser
2024-07-02T17:24:27.585Z [info]: User logged in: testuser
2024-07-02T17:24:27.670Z [info]: Task added to queue by user ID 668437cbdfbf9038040f446a
2024-07-02T17:24:27.671Z [info]: Task added to queue by user ID 668437cbdfbf9038040f446a
2024-07-02T17:24:27.672Z [info]: Task added to queue by user ID 668437cbdfbf9038040f446a
2024-07-02T17:28:05.063Z [info]: User registered: testuser
2024-07-02T17:28:05.225Z [info]: User logged in: testuser
2024-07-02T17:28:05.304Z [info]: Task added to queue by user ID 668438a41aa7aa0b2062cec0
2024-07-02T17:28:05.305Z [info]: Task added to queue by user ID 668438a41aa7aa0b2062cec0
2024-07-02T17:28:05.306Z [info]: Task added to queue by user ID 668438a41aa7aa0b2062cec0
2024-07-02T17:30:52.329Z [info]: User registered: testuser
2024-07-02T17:30:52.516Z [info]: User logged in: testuser
2024-07-02T17:30:52.636Z [info]: Task added to queue by user ID 6684394caf427417201b267c
2024-07-02T17:30:52.637Z [info]: Task added to queue by user ID 6684394caf427417201b267c
2024-07-02T17:30:52.638Z [info]: Task added to queue by user ID 6684394caf427417201b267c
